<?xml version="1.0" encoding="UTF-8"?>
<testsuite name="MainKtTest" tests="1" skipped="0" failures="0" errors="0" timestamp="2021-10-23T13:10:59" hostname="MacBook-Pro-Admin.local" time="0.007">
  <properties/>
  <testcase name="calculatingTheLimit_MastercardlimitExceeded" classname="MainKtTest" time="0.007"/>
  <system-out><![CDATA[]]></system-out>
  <system-err><![CDATA[]]></system-err>
</testsuite>
